2024-04-23T17:49:52.272-04:00  INFO 3611 --- [portfolio] [main] [                                                 ] c.r.p.portfolio.PortfolioApplication     : Starting PortfolioApplication using Java 22 with PID 3611 (/Users/robertcarrier/IdeaProjects/portfolio/target/classes started by robertcarrier in /Users/robertcarrier/IdeaProjects/portfolio)
2024-04-23T17:49:52.273-04:00  INFO 3611 --- [portfolio] [main] [                                                 ] c.r.p.portfolio.PortfolioApplication     : No active profile set, falling back to 1 default profile: "default"
2024-04-23T17:49:52.540-04:00  INFO 3611 --- [portfolio] [main] [                                                 ] .s.d.r.c.RepositoryConfigurationDelegate : Bootstrapping Spring Data JPA repositories in DEFAULT mode.
2024-04-23T17:49:52.557-04:00  INFO 3611 --- [portfolio] [main] [                                                 ] .s.d.r.c.RepositoryConfigurationDelegate : Finished Spring Data repository scanning in 12 ms. Found 1 JPA repository interface.
2024-04-23T17:49:52.791-04:00  INFO 3611 --- [portfolio] [main] [                                                 ] o.s.b.w.embedded.tomcat.TomcatWebServer  : Tomcat initialized with port 8080 (http)
2024-04-23T17:49:52.795-04:00  INFO 3611 --- [portfolio] [main] [                                                 ] o.apache.catalina.core.StandardService   : Starting service [Tomcat]
2024-04-23T17:49:52.795-04:00  INFO 3611 --- [portfolio] [main] [                                                 ] o.apache.catalina.core.StandardEngine    : Starting Servlet engine: [Apache Tomcat/10.1.19]
2024-04-23T17:49:52.808-04:00  INFO 3611 --- [portfolio] [main] [                                                 ] o.a.c.c.C.[Tomcat].[localhost].[/]       : Initializing Spring embedded WebApplicationContext
2024-04-23T17:49:52.808-04:00  INFO 3611 --- [portfolio] [main] [                                                 ] w.s.c.ServletWebServerApplicationContext : Root WebApplicationContext: initialization completed in 520 ms
2024-04-23T17:49:52.888-04:00 DEBUG 3611 --- [portfolio] [main] [                                                 ] o.s.w.f.ServerHttpObservationFilter      : Filter 'webMvcObservationFilter' configured for use
2024-04-23T17:49:52.921-04:00  INFO 3611 --- [portfolio] [main] [                                                 ] com.zaxxer.hikari.HikariDataSource       : HikariPool-1 - Starting...
2024-04-23T17:49:52.992-04:00  INFO 3611 --- [portfolio] [main] [                                                 ] com.zaxxer.hikari.pool.HikariPool        : HikariPool-1 - Added connection conn0: url=jdbc:h2:mem:f5ecf4c6-001c-4868-bc4d-aded7d63b2d0 user=SA
2024-04-23T17:49:52.993-04:00  INFO 3611 --- [portfolio] [main] [                                                 ] com.zaxxer.hikari.HikariDataSource       : HikariPool-1 - Start completed.
2024-04-23T17:49:53.010-04:00  INFO 3611 --- [portfolio] [main] [                                                 ] o.hibernate.jpa.internal.util.LogHelper  : HHH000204: Processing PersistenceUnitInfo [name: default]
2024-04-23T17:49:53.030-04:00  INFO 3611 --- [portfolio] [main] [                                                 ] org.hibernate.Version                    : HHH000412: Hibernate ORM core version 6.4.4.Final
2024-04-23T17:49:53.041-04:00  INFO 3611 --- [portfolio] [main] [                                                 ] o.h.c.internal.RegionFactoryInitiator    : HHH000026: Second-level cache disabled
2024-04-23T17:49:53.123-04:00  INFO 3611 --- [portfolio] [main] [                                                 ] o.s.o.j.p.SpringPersistenceUnitInfo      : No LoadTimeWeaver setup: ignoring JPA class transformer
2024-04-23T17:49:53.412-04:00  INFO 3611 --- [portfolio] [main] [                                                 ] o.h.e.t.j.p.i.JtaPlatformInitiator       : HHH000489: No JTA platform available (set 'hibernate.transaction.jta.platform' to enable JTA platform integration)
2024-04-23T17:49:53.422-04:00  INFO 3611 --- [portfolio] [main] [                                                 ] j.LocalContainerEntityManagerFactoryBean : Initialized JPA EntityManagerFactory for persistence unit 'default'
2024-04-23T17:49:53.523-04:00  WARN 3611 --- [portfolio] [main] [                                                 ] JpaBaseConfiguration$JpaWebConfiguration : spring.jpa.open-in-view is enabled by default. Therefore, database queries may be performed during view rendering. Explicitly configure spring.jpa.open-in-view to disable this warning
2024-04-23T17:49:53.550-04:00 DEBUG 3611 --- [portfolio] [main] [                                                 ] s.w.s.m.m.a.RequestMappingHandlerMapping : 7 mappings in 'requestMappingHandlerMapping'
2024-04-23T17:49:53.571-04:00 DEBUG 3611 --- [portfolio] [main] [                                                 ] s.w.s.m.m.a.RequestMappingHandlerAdapter : ControllerAdvice beans: 0 @ModelAttribute, 0 @InitBinder, 1 RequestBodyAdvice, 1 ResponseBodyAdvice
2024-04-23T17:49:53.584-04:00 DEBUG 3611 --- [portfolio] [main] [                                                 ] .m.m.a.ExceptionHandlerExceptionResolver : ControllerAdvice beans: 1 @ExceptionHandler, 1 ResponseBodyAdvice
2024-04-23T17:49:53.753-04:00  INFO 3611 --- [portfolio] [main] [                                                 ] o.s.b.a.e.web.EndpointLinksResolver      : Exposing 1 endpoint(s) beneath base path '/actuator'
2024-04-23T17:49:53.784-04:00  INFO 3611 --- [portfolio] [main] [                                                 ] o.s.b.w.embedded.tomcat.TomcatWebServer  : Tomcat started on port 8080 (http) with context path ''
2024-04-23T17:49:53.790-04:00  INFO 3611 --- [portfolio] [main] [                                                 ] c.r.p.portfolio.PortfolioApplication     : Started PortfolioApplication in 1.642 seconds (process running for 1.839)
2024-04-23T17:49:53.807-04:00  INFO 3611 --- [portfolio] [main] [                                                 ] c.r.p.portfolio.config.LoadDatabase      : Preloading com.rcarrier.personalwebsite.portfolio.domain.Item@ece7204
2024-04-23T17:49:53.808-04:00  INFO 3611 --- [portfolio] [main] [                                                 ] c.r.p.portfolio.config.LoadDatabase      : Preloading com.rcarrier.personalwebsite.portfolio.domain.Item@27f6854b
2024-04-23T17:49:54.165-04:00  INFO 3611 --- [portfolio] [RMI TCP Connection(2)-127.0.0.1] [                                                 ] o.a.c.c.C.[Tomcat].[localhost].[/]       : Initializing Spring DispatcherServlet 'dispatcherServlet'
2024-04-23T17:49:54.165-04:00  INFO 3611 --- [portfolio] [RMI TCP Connection(2)-127.0.0.1] [                                                 ] o.s.web.servlet.DispatcherServlet        : Initializing Servlet 'dispatcherServlet'
2024-04-23T17:49:54.165-04:00 DEBUG 3611 --- [portfolio] [RMI TCP Connection(2)-127.0.0.1] [                                                 ] o.s.web.servlet.DispatcherServlet        : Detected StandardServletMultipartResolver
2024-04-23T17:49:54.166-04:00 DEBUG 3611 --- [portfolio] [RMI TCP Connection(2)-127.0.0.1] [                                                 ] o.s.web.servlet.DispatcherServlet        : Detected AcceptHeaderLocaleResolver
2024-04-23T17:49:54.166-04:00 DEBUG 3611 --- [portfolio] [RMI TCP Connection(2)-127.0.0.1] [                                                 ] o.s.web.servlet.DispatcherServlet        : Detected FixedThemeResolver
2024-04-23T17:49:54.166-04:00 DEBUG 3611 --- [portfolio] [RMI TCP Connection(2)-127.0.0.1] [                                                 ] o.s.web.servlet.DispatcherServlet        : Detected org.springframework.web.servlet.view.DefaultRequestToViewNameTranslator@7c855ef0
2024-04-23T17:49:54.166-04:00 DEBUG 3611 --- [portfolio] [RMI TCP Connection(2)-127.0.0.1] [                                                 ] o.s.web.servlet.DispatcherServlet        : Detected org.springframework.web.servlet.support.SessionFlashMapManager@6aff157e
2024-04-23T17:49:54.166-04:00 DEBUG 3611 --- [portfolio] [RMI TCP Connection(2)-127.0.0.1] [                                                 ] o.s.web.servlet.DispatcherServlet        : enableLoggingRequestDetails='false': request parameters and headers will be masked to prevent unsafe logging of potentially sensitive data
2024-04-23T17:49:54.166-04:00  INFO 3611 --- [portfolio] [RMI TCP Connection(2)-127.0.0.1] [                                                 ] o.s.web.servlet.DispatcherServlet        : Completed initialization in 1 ms
2024-04-23T17:50:01.252-04:00 DEBUG 3611 --- [portfolio] [http-nio-8080-exec-1] [66282d091b7ffa09e9add052a0cf4f8e-e9add052a0cf4f8e] o.s.web.servlet.DispatcherServlet        : GET "/items", parameters={}
2024-04-23T17:50:01.257-04:00 DEBUG 3611 --- [portfolio] [http-nio-8080-exec-1] [66282d091b7ffa09e9add052a0cf4f8e-e9add052a0cf4f8e] s.w.s.m.m.a.RequestMappingHandlerMapping : Mapped to com.rcarrier.personalwebsite.portfolio.controller.ItemController#all()
2024-04-23T17:50:01.257-04:00  INFO 3611 --- [portfolio] [http-nio-8080-exec-1] [66282d091b7ffa09e9add052a0cf4f8e-e9add052a0cf4f8e] c.r.p.portfolio.config.AppInterceptor    : [preHandle][org.apache.catalina.connector.RequestFacade@52a440f4][GET]/items
2024-04-23T17:50:01.264-04:00  WARN 3611 --- [portfolio] [http-nio-8080-exec-1] [66282d091b7ffa09e9add052a0cf4f8e-e9add052a0cf4f8e] c.r.p.portfolio.config.AppInterceptor    : hey
2024-04-23T17:50:01.309-04:00 DEBUG 3611 --- [portfolio] [http-nio-8080-exec-1] [66282d091b7ffa09e9add052a0cf4f8e-e9add052a0cf4f8e] m.m.a.RequestResponseBodyMethodProcessor : Using 'application/json', given [*/*] and supported [application/json, application/*+json]
2024-04-23T17:50:01.310-04:00 DEBUG 3611 --- [portfolio] [http-nio-8080-exec-1] [66282d091b7ffa09e9add052a0cf4f8e-e9add052a0cf4f8e] m.m.a.RequestResponseBodyMethodProcessor : Writing [[com.rcarrier.personalwebsite.portfolio.domain.Item@9236865, com.rcarrier.personalwebsite.portfolio. (truncated)...]
2024-04-23T17:50:01.315-04:00  INFO 3611 --- [portfolio] [http-nio-8080-exec-1] [66282d091b7ffa09e9add052a0cf4f8e-e9add052a0cf4f8e] c.r.p.portfolio.config.AppInterceptor    : [postHandle][org.apache.catalina.connector.RequestFacade@52a440f4]
2024-04-23T17:50:01.316-04:00  INFO 3611 --- [portfolio] [http-nio-8080-exec-1] [66282d091b7ffa09e9add052a0cf4f8e-e9add052a0cf4f8e] c.r.p.portfolio.config.AppInterceptor    : [afterCompletion][org.apache.catalina.connector.RequestFacade@52a440f4][exception: null]
2024-04-23T17:50:01.316-04:00 DEBUG 3611 --- [portfolio] [http-nio-8080-exec-1] [66282d091b7ffa09e9add052a0cf4f8e-e9add052a0cf4f8e] o.s.web.servlet.DispatcherServlet        : Completed 200 OK
2024-04-23T17:50:37.945-04:00  INFO 3611 --- [portfolio] [SpringApplicationShutdownHook] [                                                 ] j.LocalContainerEntityManagerFactoryBean : Closing JPA EntityManagerFactory for persistence unit 'default'
2024-04-23T17:50:37.947-04:00  INFO 3611 --- [portfolio] [SpringApplicationShutdownHook] [                                                 ] com.zaxxer.hikari.HikariDataSource       : HikariPool-1 - Shutdown initiated...
2024-04-23T17:50:37.948-04:00  INFO 3611 --- [portfolio] [SpringApplicationShutdownHook] [                                                 ] com.zaxxer.hikari.HikariDataSource       : HikariPool-1 - Shutdown completed.
