2024-06-17T11:38:35.499-04:00  INFO 1854 --- [portfolio] [main] [                                                 ] c.r.p.p.PortfolioApplicationTests        : Starting PortfolioApplicationTests using Java 17.0.11 with PID 1854 (started by robertcarrier in /Users/robertcarrier/IdeaProjects/portfolio)
2024-06-17T11:38:35.504-04:00  INFO 1854 --- [portfolio] [main] [                                                 ] c.r.p.p.PortfolioApplicationTests        : No active profile set, falling back to 1 default profile: "default"
2024-06-17T11:38:36.781-04:00  INFO 1854 --- [portfolio] [main] [                                                 ] .s.d.r.c.RepositoryConfigurationDelegate : Bootstrapping Spring Data JPA repositories in DEFAULT mode.
2024-06-17T11:38:36.851-04:00  INFO 1854 --- [portfolio] [main] [                                                 ] .s.d.r.c.RepositoryConfigurationDelegate : Finished Spring Data repository scanning in 59 ms. Found 2 JPA repository interfaces.
2024-06-17T11:38:37.612-04:00  INFO 1854 --- [portfolio] [main] [                                                 ] com.zaxxer.hikari.HikariDataSource       : HikariPool-1 - Starting...
2024-06-17T11:38:37.765-04:00  INFO 1854 --- [portfolio] [main] [                                                 ] com.zaxxer.hikari.pool.HikariPool        : HikariPool-1 - Added connection conn0: url=jdbc:h2:mem:c650724c-8c9e-485c-b41a-b41d3a6248a1 user=SA
2024-06-17T11:38:37.771-04:00  INFO 1854 --- [portfolio] [main] [                                                 ] com.zaxxer.hikari.HikariDataSource       : HikariPool-1 - Start completed.
2024-06-17T11:38:37.868-04:00  INFO 1854 --- [portfolio] [main] [                                                 ] o.hibernate.jpa.internal.util.LogHelper  : HHH000204: Processing PersistenceUnitInfo [name: default]
2024-06-17T11:38:37.912-04:00  INFO 1854 --- [portfolio] [main] [                                                 ] org.hibernate.Version                    : HHH000412: Hibernate ORM core version 6.4.4.Final
2024-06-17T11:38:37.942-04:00  INFO 1854 --- [portfolio] [main] [                                                 ] o.h.c.internal.RegionFactoryInitiator    : HHH000026: Second-level cache disabled
2024-06-17T11:38:38.113-04:00  INFO 1854 --- [portfolio] [main] [                                                 ] o.s.o.j.p.SpringPersistenceUnitInfo      : No LoadTimeWeaver setup: ignoring JPA class transformer
2024-06-17T11:38:38.828-04:00  INFO 1854 --- [portfolio] [main] [                                                 ] o.h.e.t.j.p.i.JtaPlatformInitiator       : HHH000489: No JTA platform available (set 'hibernate.transaction.jta.platform' to enable JTA platform integration)
2024-06-17T11:38:38.868-04:00  INFO 1854 --- [portfolio] [main] [                                                 ] j.LocalContainerEntityManagerFactoryBean : Initialized JPA EntityManagerFactory for persistence unit 'default'
2024-06-17T11:38:39.449-04:00  WARN 1854 --- [portfolio] [main] [                                                 ] JpaBaseConfiguration$JpaWebConfiguration : spring.jpa.open-in-view is enabled by default. Therefore, database queries may be performed during view rendering. Explicitly configure spring.jpa.open-in-view to disable this warning
2024-06-17T11:38:40.512-04:00  INFO 1854 --- [portfolio] [main] [                                                 ] o.s.b.a.e.web.EndpointLinksResolver      : Exposing 1 endpoint(s) beneath base path '/actuator'
2024-06-17T11:38:40.673-04:00  INFO 1854 --- [portfolio] [main] [                                                 ] c.r.p.p.PortfolioApplicationTests        : Started PortfolioApplicationTests in 5.522 seconds (process running for 6.675)
2024-06-17T11:38:40.781-04:00  INFO 1854 --- [portfolio] [main] [                                                 ] c.r.p.portfolio.config.LoadDatabase      : Preloading com.rcarrier.personalwebsite.portfolio.domain.Item@56511eda
2024-06-17T11:38:40.785-04:00  INFO 1854 --- [portfolio] [main] [                                                 ] c.r.p.portfolio.config.LoadDatabase      : Preloading com.rcarrier.personalwebsite.portfolio.domain.Item@7421213d
2024-06-17T11:38:41.445-04:00  INFO 1854 --- [portfolio] [SpringApplicationShutdownHook] [                                                 ] j.LocalContainerEntityManagerFactoryBean : Closing JPA EntityManagerFactory for persistence unit 'default'
2024-06-17T11:38:41.451-04:00  INFO 1854 --- [portfolio] [SpringApplicationShutdownHook] [                                                 ] com.zaxxer.hikari.HikariDataSource       : HikariPool-1 - Shutdown initiated...
2024-06-17T11:38:41.455-04:00  INFO 1854 --- [portfolio] [SpringApplicationShutdownHook] [                                                 ] com.zaxxer.hikari.HikariDataSource       : HikariPool-1 - Shutdown completed.
2024-06-17T11:38:50.296-04:00  INFO 1866 --- [portfolio] [main] [                                                 ] c.r.p.p.PortfolioApplicationTests        : Starting PortfolioApplicationTests using Java 17.0.11 with PID 1866 (started by robertcarrier in /Users/robertcarrier/IdeaProjects/portfolio)
2024-06-17T11:38:50.298-04:00  INFO 1866 --- [portfolio] [main] [                                                 ] c.r.p.p.PortfolioApplicationTests        : No active profile set, falling back to 1 default profile: "default"
2024-06-17T11:38:51.553-04:00  INFO 1866 --- [portfolio] [main] [                                                 ] .s.d.r.c.RepositoryConfigurationDelegate : Bootstrapping Spring Data JPA repositories in DEFAULT mode.
2024-06-17T11:38:51.614-04:00  INFO 1866 --- [portfolio] [main] [                                                 ] .s.d.r.c.RepositoryConfigurationDelegate : Finished Spring Data repository scanning in 52 ms. Found 2 JPA repository interfaces.
2024-06-17T11:38:52.353-04:00  INFO 1866 --- [portfolio] [main] [                                                 ] com.zaxxer.hikari.HikariDataSource       : HikariPool-1 - Starting...
2024-06-17T11:38:52.498-04:00  INFO 1866 --- [portfolio] [main] [                                                 ] com.zaxxer.hikari.pool.HikariPool        : HikariPool-1 - Added connection conn0: url=jdbc:h2:mem:342bbe47-c45f-4712-8cda-66e67e452285 user=SA
2024-06-17T11:38:52.503-04:00  INFO 1866 --- [portfolio] [main] [                                                 ] com.zaxxer.hikari.HikariDataSource       : HikariPool-1 - Start completed.
2024-06-17T11:38:52.595-04:00  INFO 1866 --- [portfolio] [main] [                                                 ] o.hibernate.jpa.internal.util.LogHelper  : HHH000204: Processing PersistenceUnitInfo [name: default]
2024-06-17T11:38:52.628-04:00  INFO 1866 --- [portfolio] [main] [                                                 ] org.hibernate.Version                    : HHH000412: Hibernate ORM core version 6.4.4.Final
2024-06-17T11:38:52.650-04:00  INFO 1866 --- [portfolio] [main] [                                                 ] o.h.c.internal.RegionFactoryInitiator    : HHH000026: Second-level cache disabled
2024-06-17T11:38:52.797-04:00  INFO 1866 --- [portfolio] [main] [                                                 ] o.s.o.j.p.SpringPersistenceUnitInfo      : No LoadTimeWeaver setup: ignoring JPA class transformer
2024-06-17T11:38:53.480-04:00  INFO 1866 --- [portfolio] [main] [                                                 ] o.h.e.t.j.p.i.JtaPlatformInitiator       : HHH000489: No JTA platform available (set 'hibernate.transaction.jta.platform' to enable JTA platform integration)
2024-06-17T11:38:53.515-04:00  INFO 1866 --- [portfolio] [main] [                                                 ] j.LocalContainerEntityManagerFactoryBean : Initialized JPA EntityManagerFactory for persistence unit 'default'
2024-06-17T11:38:54.081-04:00  WARN 1866 --- [portfolio] [main] [                                                 ] JpaBaseConfiguration$JpaWebConfiguration : spring.jpa.open-in-view is enabled by default. Therefore, database queries may be performed during view rendering. Explicitly configure spring.jpa.open-in-view to disable this warning
2024-06-17T11:38:55.155-04:00  INFO 1866 --- [portfolio] [main] [                                                 ] o.s.b.a.e.web.EndpointLinksResolver      : Exposing 1 endpoint(s) beneath base path '/actuator'
2024-06-17T11:38:55.235-04:00  INFO 1866 --- [portfolio] [main] [                                                 ] c.r.p.p.PortfolioApplicationTests        : Started PortfolioApplicationTests in 5.279 seconds (process running for 6.282)
2024-06-17T11:38:55.313-04:00  INFO 1866 --- [portfolio] [main] [                                                 ] c.r.p.portfolio.config.LoadDatabase      : Preloading com.rcarrier.personalwebsite.portfolio.domain.Item@4b4b02d
2024-06-17T11:38:55.315-04:00  INFO 1866 --- [portfolio] [main] [                                                 ] c.r.p.portfolio.config.LoadDatabase      : Preloading com.rcarrier.personalwebsite.portfolio.domain.Item@6d4062fd
2024-06-17T11:38:55.982-04:00  INFO 1866 --- [portfolio] [SpringApplicationShutdownHook] [                                                 ] j.LocalContainerEntityManagerFactoryBean : Closing JPA EntityManagerFactory for persistence unit 'default'
2024-06-17T11:38:55.990-04:00  INFO 1866 --- [portfolio] [SpringApplicationShutdownHook] [                                                 ] com.zaxxer.hikari.HikariDataSource       : HikariPool-1 - Shutdown initiated...
2024-06-17T11:38:55.992-04:00  INFO 1866 --- [portfolio] [SpringApplicationShutdownHook] [                                                 ] com.zaxxer.hikari.HikariDataSource       : HikariPool-1 - Shutdown completed.
2024-06-17T11:43:30.796-04:00  INFO 1922 --- [portfolio] [main] [                                                 ] c.r.p.p.PortfolioApplicationTests        : Starting PortfolioApplicationTests using Java 17.0.11 with PID 1922 (started by robertcarrier in /Users/robertcarrier/IdeaProjects/portfolio)
2024-06-17T11:43:30.798-04:00  INFO 1922 --- [portfolio] [main] [                                                 ] c.r.p.p.PortfolioApplicationTests        : No active profile set, falling back to 1 default profile: "default"
2024-06-17T11:43:32.000-04:00  INFO 1922 --- [portfolio] [main] [                                                 ] .s.d.r.c.RepositoryConfigurationDelegate : Bootstrapping Spring Data JPA repositories in DEFAULT mode.
2024-06-17T11:43:32.118-04:00  INFO 1922 --- [portfolio] [main] [                                                 ] .s.d.r.c.RepositoryConfigurationDelegate : Finished Spring Data repository scanning in 97 ms. Found 2 JPA repository interfaces.
2024-06-17T11:43:32.847-04:00  INFO 1922 --- [portfolio] [main] [                                                 ] com.zaxxer.hikari.HikariDataSource       : HikariPool-1 - Starting...
2024-06-17T11:43:32.989-04:00  INFO 1922 --- [portfolio] [main] [                                                 ] com.zaxxer.hikari.pool.HikariPool        : HikariPool-1 - Added connection conn0: url=jdbc:h2:mem:1bca1cd7-b270-4e0f-a1b9-1c56236d0058 user=SA
2024-06-17T11:43:32.994-04:00  INFO 1922 --- [portfolio] [main] [                                                 ] com.zaxxer.hikari.HikariDataSource       : HikariPool-1 - Start completed.
2024-06-17T11:43:33.105-04:00  INFO 1922 --- [portfolio] [main] [                                                 ] o.hibernate.jpa.internal.util.LogHelper  : HHH000204: Processing PersistenceUnitInfo [name: default]
2024-06-17T11:43:33.137-04:00  INFO 1922 --- [portfolio] [main] [                                                 ] org.hibernate.Version                    : HHH000412: Hibernate ORM core version 6.4.4.Final
2024-06-17T11:43:33.160-04:00  INFO 1922 --- [portfolio] [main] [                                                 ] o.h.c.internal.RegionFactoryInitiator    : HHH000026: Second-level cache disabled
2024-06-17T11:43:33.325-04:00  INFO 1922 --- [portfolio] [main] [                                                 ] o.s.o.j.p.SpringPersistenceUnitInfo      : No LoadTimeWeaver setup: ignoring JPA class transformer
2024-06-17T11:43:33.920-04:00  INFO 1922 --- [portfolio] [main] [                                                 ] o.h.e.t.j.p.i.JtaPlatformInitiator       : HHH000489: No JTA platform available (set 'hibernate.transaction.jta.platform' to enable JTA platform integration)
2024-06-17T11:43:33.956-04:00  INFO 1922 --- [portfolio] [main] [                                                 ] j.LocalContainerEntityManagerFactoryBean : Initialized JPA EntityManagerFactory for persistence unit 'default'
2024-06-17T11:43:34.731-04:00  WARN 1922 --- [portfolio] [main] [                                                 ] JpaBaseConfiguration$JpaWebConfiguration : spring.jpa.open-in-view is enabled by default. Therefore, database queries may be performed during view rendering. Explicitly configure spring.jpa.open-in-view to disable this warning
2024-06-17T11:43:35.844-04:00  INFO 1922 --- [portfolio] [main] [                                                 ] o.s.b.a.e.web.EndpointLinksResolver      : Exposing 1 endpoint(s) beneath base path '/actuator'
2024-06-17T11:43:35.954-04:00  INFO 1922 --- [portfolio] [main] [                                                 ] c.r.p.p.PortfolioApplicationTests        : Started PortfolioApplicationTests in 5.512 seconds (process running for 6.559)
2024-06-17T11:43:36.028-04:00  INFO 1922 --- [portfolio] [main] [                                                 ] c.r.p.portfolio.config.LoadDatabase      : Preloading com.rcarrier.personalwebsite.portfolio.domain.Item@741f8cf
2024-06-17T11:43:36.030-04:00  INFO 1922 --- [portfolio] [main] [                                                 ] c.r.p.portfolio.config.LoadDatabase      : Preloading com.rcarrier.personalwebsite.portfolio.domain.Item@62525579
2024-06-17T11:43:36.621-04:00  INFO 1922 --- [portfolio] [SpringApplicationShutdownHook] [                                                 ] j.LocalContainerEntityManagerFactoryBean : Closing JPA EntityManagerFactory for persistence unit 'default'
2024-06-17T11:43:36.635-04:00  INFO 1922 --- [portfolio] [SpringApplicationShutdownHook] [                                                 ] com.zaxxer.hikari.HikariDataSource       : HikariPool-1 - Shutdown initiated...
2024-06-17T11:43:36.642-04:00  INFO 1922 --- [portfolio] [SpringApplicationShutdownHook] [                                                 ] com.zaxxer.hikari.HikariDataSource       : HikariPool-1 - Shutdown completed.
2024-06-17T11:43:45.144-04:00  INFO 1932 --- [portfolio] [main] [                                                 ] c.r.p.p.PortfolioApplicationTests        : Starting PortfolioApplicationTests using Java 17.0.11 with PID 1932 (started by robertcarrier in /Users/robertcarrier/IdeaProjects/portfolio)
2024-06-17T11:43:45.147-04:00  INFO 1932 --- [portfolio] [main] [                                                 ] c.r.p.p.PortfolioApplicationTests        : No active profile set, falling back to 1 default profile: "default"
2024-06-17T11:43:46.347-04:00  INFO 1932 --- [portfolio] [main] [                                                 ] .s.d.r.c.RepositoryConfigurationDelegate : Bootstrapping Spring Data JPA repositories in DEFAULT mode.
2024-06-17T11:43:46.427-04:00  INFO 1932 --- [portfolio] [main] [                                                 ] .s.d.r.c.RepositoryConfigurationDelegate : Finished Spring Data repository scanning in 57 ms. Found 2 JPA repository interfaces.
2024-06-17T11:43:47.222-04:00  INFO 1932 --- [portfolio] [main] [                                                 ] com.zaxxer.hikari.HikariDataSource       : HikariPool-1 - Starting...
2024-06-17T11:43:47.369-04:00  INFO 1932 --- [portfolio] [main] [                                                 ] com.zaxxer.hikari.pool.HikariPool        : HikariPool-1 - Added connection conn0: url=jdbc:h2:mem:e9fc9f88-daf6-4bdf-8808-0f36177cabe3 user=SA
2024-06-17T11:43:47.374-04:00  INFO 1932 --- [portfolio] [main] [                                                 ] com.zaxxer.hikari.HikariDataSource       : HikariPool-1 - Start completed.
2024-06-17T11:43:47.473-04:00  INFO 1932 --- [portfolio] [main] [                                                 ] o.hibernate.jpa.internal.util.LogHelper  : HHH000204: Processing PersistenceUnitInfo [name: default]
2024-06-17T11:43:47.506-04:00  INFO 1932 --- [portfolio] [main] [                                                 ] org.hibernate.Version                    : HHH000412: Hibernate ORM core version 6.4.4.Final
2024-06-17T11:43:47.530-04:00  INFO 1932 --- [portfolio] [main] [                                                 ] o.h.c.internal.RegionFactoryInitiator    : HHH000026: Second-level cache disabled
2024-06-17T11:43:47.701-04:00  INFO 1932 --- [portfolio] [main] [                                                 ] o.s.o.j.p.SpringPersistenceUnitInfo      : No LoadTimeWeaver setup: ignoring JPA class transformer
2024-06-17T11:43:48.398-04:00  INFO 1932 --- [portfolio] [main] [                                                 ] o.h.e.t.j.p.i.JtaPlatformInitiator       : HHH000489: No JTA platform available (set 'hibernate.transaction.jta.platform' to enable JTA platform integration)
2024-06-17T11:43:48.445-04:00  INFO 1932 --- [portfolio] [main] [                                                 ] j.LocalContainerEntityManagerFactoryBean : Initialized JPA EntityManagerFactory for persistence unit 'default'
2024-06-17T11:43:49.037-04:00  WARN 1932 --- [portfolio] [main] [                                                 ] JpaBaseConfiguration$JpaWebConfiguration : spring.jpa.open-in-view is enabled by default. Therefore, database queries may be performed during view rendering. Explicitly configure spring.jpa.open-in-view to disable this warning
2024-06-17T11:43:50.154-04:00  INFO 1932 --- [portfolio] [main] [                                                 ] o.s.b.a.e.web.EndpointLinksResolver      : Exposing 1 endpoint(s) beneath base path '/actuator'
2024-06-17T11:43:50.242-04:00  INFO 1932 --- [portfolio] [main] [                                                 ] c.r.p.p.PortfolioApplicationTests        : Started PortfolioApplicationTests in 5.448 seconds (process running for 6.444)
2024-06-17T11:43:50.320-04:00  INFO 1932 --- [portfolio] [main] [                                                 ] c.r.p.portfolio.config.LoadDatabase      : Preloading com.rcarrier.personalwebsite.portfolio.domain.Item@514eefc4
2024-06-17T11:43:50.322-04:00  INFO 1932 --- [portfolio] [main] [                                                 ] c.r.p.portfolio.config.LoadDatabase      : Preloading com.rcarrier.personalwebsite.portfolio.domain.Item@7b88a2e2
2024-06-17T11:43:50.971-04:00  INFO 1932 --- [portfolio] [SpringApplicationShutdownHook] [                                                 ] j.LocalContainerEntityManagerFactoryBean : Closing JPA EntityManagerFactory for persistence unit 'default'
2024-06-17T11:43:50.983-04:00  INFO 1932 --- [portfolio] [SpringApplicationShutdownHook] [                                                 ] com.zaxxer.hikari.HikariDataSource       : HikariPool-1 - Shutdown initiated...
2024-06-17T11:43:50.989-04:00  INFO 1932 --- [portfolio] [SpringApplicationShutdownHook] [                                                 ] com.zaxxer.hikari.HikariDataSource       : HikariPool-1 - Shutdown completed.
2024-06-17T11:50:52.148-04:00  INFO 1990 --- [portfolio] [main] [                                                 ] c.r.p.portfolio.PortfolioApplication     : Starting PortfolioApplication using Java 17.0.11 with PID 1990 (/Users/robertcarrier/IdeaProjects/portfolio/target/classes started by robertcarrier in /Users/robertcarrier/IdeaProjects/portfolio)
2024-06-17T11:50:52.155-04:00  INFO 1990 --- [portfolio] [main] [                                                 ] c.r.p.portfolio.PortfolioApplication     : No active profile set, falling back to 1 default profile: "default"
2024-06-17T11:50:53.458-04:00  INFO 1990 --- [portfolio] [main] [                                                 ] .s.d.r.c.RepositoryConfigurationDelegate : Bootstrapping Spring Data JPA repositories in DEFAULT mode.
2024-06-17T11:50:53.514-04:00  INFO 1990 --- [portfolio] [main] [                                                 ] .s.d.r.c.RepositoryConfigurationDelegate : Finished Spring Data repository scanning in 51 ms. Found 2 JPA repository interfaces.
2024-06-17T11:50:54.507-04:00  INFO 1990 --- [portfolio] [main] [                                                 ] o.s.b.w.embedded.tomcat.TomcatWebServer  : Tomcat initialized with port 8080 (http)
2024-06-17T11:50:54.516-04:00  INFO 1990 --- [portfolio] [main] [                                                 ] o.apache.catalina.core.StandardService   : Starting service [Tomcat]
2024-06-17T11:50:54.516-04:00  INFO 1990 --- [portfolio] [main] [                                                 ] o.apache.catalina.core.StandardEngine    : Starting Servlet engine: [Apache Tomcat/10.1.19]
2024-06-17T11:50:54.586-04:00  INFO 1990 --- [portfolio] [main] [                                                 ] o.a.c.c.C.[Tomcat].[localhost].[/]       : Initializing Spring embedded WebApplicationContext
2024-06-17T11:50:54.587-04:00  INFO 1990 --- [portfolio] [main] [                                                 ] w.s.c.ServletWebServerApplicationContext : Root WebApplicationContext: initialization completed in 2367 ms
2024-06-17T11:50:55.016-04:00  INFO 1990 --- [portfolio] [main] [                                                 ] com.zaxxer.hikari.HikariDataSource       : HikariPool-1 - Starting...
2024-06-17T11:50:55.147-04:00  INFO 1990 --- [portfolio] [main] [                                                 ] com.zaxxer.hikari.pool.HikariPool        : HikariPool-1 - Added connection conn0: url=jdbc:h2:mem:141288da-e64f-4900-b3a1-b0aa4cb6d9c2 user=SA
2024-06-17T11:50:55.152-04:00  INFO 1990 --- [portfolio] [main] [                                                 ] com.zaxxer.hikari.HikariDataSource       : HikariPool-1 - Start completed.
2024-06-17T11:50:55.224-04:00  INFO 1990 --- [portfolio] [main] [                                                 ] o.hibernate.jpa.internal.util.LogHelper  : HHH000204: Processing PersistenceUnitInfo [name: default]
2024-06-17T11:50:55.314-04:00  INFO 1990 --- [portfolio] [main] [                                                 ] org.hibernate.Version                    : HHH000412: Hibernate ORM core version 6.4.4.Final
2024-06-17T11:50:55.355-04:00  INFO 1990 --- [portfolio] [main] [                                                 ] o.h.c.internal.RegionFactoryInitiator    : HHH000026: Second-level cache disabled
2024-06-17T11:50:55.491-04:00  INFO 1990 --- [portfolio] [main] [                                                 ] o.s.o.j.p.SpringPersistenceUnitInfo      : No LoadTimeWeaver setup: ignoring JPA class transformer
2024-06-17T11:50:56.041-04:00  INFO 1990 --- [portfolio] [main] [                                                 ] o.h.e.t.j.p.i.JtaPlatformInitiator       : HHH000489: No JTA platform available (set 'hibernate.transaction.jta.platform' to enable JTA platform integration)
2024-06-17T11:50:56.067-04:00  INFO 1990 --- [portfolio] [main] [                                                 ] j.LocalContainerEntityManagerFactoryBean : Initialized JPA EntityManagerFactory for persistence unit 'default'
2024-06-17T11:50:56.599-04:00  WARN 1990 --- [portfolio] [main] [                                                 ] JpaBaseConfiguration$JpaWebConfiguration : spring.jpa.open-in-view is enabled by default. Therefore, database queries may be performed during view rendering. Explicitly configure spring.jpa.open-in-view to disable this warning
2024-06-17T11:50:57.282-04:00  INFO 1990 --- [portfolio] [main] [                                                 ] o.s.b.a.e.web.EndpointLinksResolver      : Exposing 1 endpoint(s) beneath base path '/actuator'
2024-06-17T11:50:57.377-04:00  INFO 1990 --- [portfolio] [main] [                                                 ] o.s.b.w.embedded.tomcat.TomcatWebServer  : Tomcat started on port 8080 (http) with context path ''
2024-06-17T11:50:57.404-04:00  INFO 1990 --- [portfolio] [main] [                                                 ] c.r.p.portfolio.PortfolioApplication     : Started PortfolioApplication in 5.865 seconds (process running for 6.364)
2024-06-17T11:50:57.482-04:00  INFO 1990 --- [portfolio] [main] [                                                 ] c.r.p.portfolio.config.LoadDatabase      : Preloading com.rcarrier.personalwebsite.portfolio.domain.Item@6f28a07e
2024-06-17T11:50:57.483-04:00  INFO 1990 --- [portfolio] [main] [                                                 ] c.r.p.portfolio.config.LoadDatabase      : Preloading com.rcarrier.personalwebsite.portfolio.domain.Item@4f0381cd
2024-06-17T12:05:40.957-04:00  WARN 1990 --- [portfolio] [HikariPool-1 housekeeper] [                                                 ] com.zaxxer.hikari.pool.HikariPool        : HikariPool-1 - Thread starvation or clock leap detected (housekeeper delta=4m45s550ms).
2024-06-17T12:09:50.207-04:00  WARN 1990 --- [portfolio] [HikariPool-1 housekeeper] [                                                 ] com.zaxxer.hikari.pool.HikariPool        : HikariPool-1 - Thread starvation or clock leap detected (housekeeper delta=3m39s215ms).
2024-06-17T12:13:10.140-04:00  WARN 1990 --- [portfolio] [HikariPool-1 housekeeper] [                                                 ] com.zaxxer.hikari.pool.HikariPool        : HikariPool-1 - Thread starvation or clock leap detected (housekeeper delta=2m49s926ms).
2024-06-17T12:26:10.457-04:00  WARN 1990 --- [portfolio] [HikariPool-1 housekeeper] [                                                 ] com.zaxxer.hikari.pool.HikariPool        : HikariPool-1 - Thread starvation or clock leap detected (housekeeper delta=13m318ms).
2024-06-17T12:29:37.292-04:00  WARN 1990 --- [portfolio] [HikariPool-1 housekeeper] [                                                 ] com.zaxxer.hikari.pool.HikariPool        : HikariPool-1 - Thread starvation or clock leap detected (housekeeper delta=3m26s834ms).
2024-06-17T13:08:07.533-04:00  WARN 1990 --- [portfolio] [HikariPool-1 housekeeper] [                                                 ] com.zaxxer.hikari.pool.HikariPool        : HikariPool-1 - Thread starvation or clock leap detected (housekeeper delta=38m30s236ms).
2024-06-17T13:36:13.288-04:00  WARN 1990 --- [portfolio] [HikariPool-1 housekeeper] [                                                 ] com.zaxxer.hikari.pool.HikariPool        : HikariPool-1 - Thread starvation or clock leap detected (housekeeper delta=28m5s760ms).
2024-06-17T13:57:18.274-04:00  WARN 1990 --- [portfolio] [HikariPool-1 housekeeper] [                                                 ] com.zaxxer.hikari.pool.HikariPool        : HikariPool-1 - Thread starvation or clock leap detected (housekeeper delta=21m4s987ms).
2024-06-17T14:00:59.687-04:00  WARN 1990 --- [portfolio] [HikariPool-1 housekeeper] [                                                 ] com.zaxxer.hikari.pool.HikariPool        : HikariPool-1 - Thread starvation or clock leap detected (housekeeper delta=3m41s413ms).
2024-06-17T14:01:07.718-04:00  INFO 1990 --- [portfolio] [http-nio-8080-exec-1] [                                                 ] o.a.c.c.C.[Tomcat].[localhost].[/]       : Initializing Spring DispatcherServlet 'dispatcherServlet'
2024-06-17T14:01:07.719-04:00  INFO 1990 --- [portfolio] [http-nio-8080-exec-1] [                                                 ] o.s.web.servlet.DispatcherServlet        : Initializing Servlet 'dispatcherServlet'
2024-06-17T14:01:07.728-04:00  INFO 1990 --- [portfolio] [http-nio-8080-exec-1] [                                                 ] o.s.web.servlet.DispatcherServlet        : Completed initialization in 8 ms
2024-06-17T14:01:07.756-04:00  INFO 1990 --- [portfolio] [http-nio-8080-exec-1] [667079e396daa281d16e99ad81272acd-d16e99ad81272acd] c.r.p.portfolio.config.AppInterceptor    : [preHandle][org.apache.catalina.connector.RequestFacade@22c980bc][GET]/weather/realtime
2024-06-17T14:01:07.756-04:00  INFO 1990 --- [portfolio] [http-nio-8080-exec-1] [667079e396daa281d16e99ad81272acd-d16e99ad81272acd] c.r.p.portfolio.config.AppInterceptor    : Header: host = localhost:8080
2024-06-17T14:01:07.756-04:00  INFO 1990 --- [portfolio] [http-nio-8080-exec-1] [667079e396daa281d16e99ad81272acd-d16e99ad81272acd] c.r.p.portfolio.config.AppInterceptor    : Header: user-agent = insomnia/9.2.0
2024-06-17T14:01:07.757-04:00  INFO 1990 --- [portfolio] [http-nio-8080-exec-1] [667079e396daa281d16e99ad81272acd-d16e99ad81272acd] c.r.p.portfolio.config.AppInterceptor    : Header: accept = */*
2024-06-17T14:01:08.612-04:00  INFO 1990 --- [portfolio] [http-nio-8080-exec-1] [667079e396daa281d16e99ad81272acd-d16e99ad81272acd] c.r.p.portfolio.config.AppInterceptor    : [postHandle][org.apache.catalina.connector.RequestFacade@22c980bc]
2024-06-17T14:01:08.615-04:00  INFO 1990 --- [portfolio] [http-nio-8080-exec-1] [667079e396daa281d16e99ad81272acd-d16e99ad81272acd] c.r.p.portfolio.config.AppInterceptor    : Request End Time: 2024-06-17T14:01:08.615037
2024-06-17T14:01:08.615-04:00  INFO 1990 --- [portfolio] [http-nio-8080-exec-1] [667079e396daa281d16e99ad81272acd-d16e99ad81272acd] c.r.p.portfolio.config.AppInterceptor    : HTTP Status: 200
2024-06-17T14:01:08.616-04:00  INFO 1990 --- [portfolio] [http-nio-8080-exec-1] [667079e396daa281d16e99ad81272acd-d16e99ad81272acd] c.r.p.portfolio.config.AppInterceptor    : [afterCompletion][org.apache.catalina.connector.RequestFacade@22c980bc][exception: null]
2024-06-17T14:01:12.960-04:00  INFO 1990 --- [portfolio] [SpringApplicationShutdownHook] [                                                 ] j.LocalContainerEntityManagerFactoryBean : Closing JPA EntityManagerFactory for persistence unit 'default'
2024-06-17T14:01:12.968-04:00  INFO 1990 --- [portfolio] [SpringApplicationShutdownHook] [                                                 ] com.zaxxer.hikari.HikariDataSource       : HikariPool-1 - Shutdown initiated...
2024-06-17T14:01:12.973-04:00  INFO 1990 --- [portfolio] [SpringApplicationShutdownHook] [                                                 ] com.zaxxer.hikari.HikariDataSource       : HikariPool-1 - Shutdown completed.
2024-06-17T14:07:56.886-04:00  INFO 2265 --- [portfolio] [main] [                                                 ] c.r.p.portfolio.PortfolioApplication     : Starting PortfolioApplication using Java 17.0.11 with PID 2265 (/Users/robertcarrier/IdeaProjects/portfolio/target/classes started by robertcarrier in /Users/robertcarrier/IdeaProjects/portfolio)
2024-06-17T14:07:56.890-04:00  INFO 2265 --- [portfolio] [main] [                                                 ] c.r.p.portfolio.PortfolioApplication     : No active profile set, falling back to 1 default profile: "default"
2024-06-17T14:07:58.298-04:00  INFO 2265 --- [portfolio] [main] [                                                 ] .s.d.r.c.RepositoryConfigurationDelegate : Bootstrapping Spring Data JPA repositories in DEFAULT mode.
2024-06-17T14:07:58.365-04:00  INFO 2265 --- [portfolio] [main] [                                                 ] .s.d.r.c.RepositoryConfigurationDelegate : Finished Spring Data repository scanning in 54 ms. Found 2 JPA repository interfaces.
2024-06-17T14:07:59.431-04:00  INFO 2265 --- [portfolio] [main] [                                                 ] o.s.b.w.embedded.tomcat.TomcatWebServer  : Tomcat initialized with port 8080 (http)
2024-06-17T14:07:59.442-04:00  INFO 2265 --- [portfolio] [main] [                                                 ] o.apache.catalina.core.StandardService   : Starting service [Tomcat]
2024-06-17T14:07:59.442-04:00  INFO 2265 --- [portfolio] [main] [                                                 ] o.apache.catalina.core.StandardEngine    : Starting Servlet engine: [Apache Tomcat/10.1.19]
2024-06-17T14:07:59.505-04:00  INFO 2265 --- [portfolio] [main] [                                                 ] o.a.c.c.C.[Tomcat].[localhost].[/]       : Initializing Spring embedded WebApplicationContext
2024-06-17T14:07:59.505-04:00  INFO 2265 --- [portfolio] [main] [                                                 ] w.s.c.ServletWebServerApplicationContext : Root WebApplicationContext: initialization completed in 2542 ms
2024-06-17T14:07:59.996-04:00  INFO 2265 --- [portfolio] [main] [                                                 ] com.zaxxer.hikari.HikariDataSource       : HikariPool-1 - Starting...
2024-06-17T14:08:00.180-04:00  INFO 2265 --- [portfolio] [main] [                                                 ] com.zaxxer.hikari.pool.HikariPool        : HikariPool-1 - Added connection conn0: url=jdbc:h2:mem:4672db88-6bfb-48bf-b3b0-601b48c7fed1 user=SA
2024-06-17T14:08:00.186-04:00  INFO 2265 --- [portfolio] [main] [                                                 ] com.zaxxer.hikari.HikariDataSource       : HikariPool-1 - Start completed.
2024-06-17T14:08:00.290-04:00  INFO 2265 --- [portfolio] [main] [                                                 ] o.hibernate.jpa.internal.util.LogHelper  : HHH000204: Processing PersistenceUnitInfo [name: default]
2024-06-17T14:08:00.331-04:00  INFO 2265 --- [portfolio] [main] [                                                 ] org.hibernate.Version                    : HHH000412: Hibernate ORM core version 6.4.4.Final
2024-06-17T14:08:00.354-04:00  INFO 2265 --- [portfolio] [main] [                                                 ] o.h.c.internal.RegionFactoryInitiator    : HHH000026: Second-level cache disabled
2024-06-17T14:08:00.504-04:00  INFO 2265 --- [portfolio] [main] [                                                 ] o.s.o.j.p.SpringPersistenceUnitInfo      : No LoadTimeWeaver setup: ignoring JPA class transformer
2024-06-17T14:08:01.085-04:00  INFO 2265 --- [portfolio] [main] [                                                 ] o.h.e.t.j.p.i.JtaPlatformInitiator       : HHH000489: No JTA platform available (set 'hibernate.transaction.jta.platform' to enable JTA platform integration)
2024-06-17T14:08:01.113-04:00  INFO 2265 --- [portfolio] [main] [                                                 ] j.LocalContainerEntityManagerFactoryBean : Initialized JPA EntityManagerFactory for persistence unit 'default'
2024-06-17T14:08:01.757-04:00  WARN 2265 --- [portfolio] [main] [                                                 ] JpaBaseConfiguration$JpaWebConfiguration : spring.jpa.open-in-view is enabled by default. Therefore, database queries may be performed during view rendering. Explicitly configure spring.jpa.open-in-view to disable this warning
2024-06-17T14:08:02.647-04:00  INFO 2265 --- [portfolio] [main] [                                                 ] o.s.b.a.e.web.EndpointLinksResolver      : Exposing 1 endpoint(s) beneath base path '/actuator'
2024-06-17T14:08:02.783-04:00  INFO 2265 --- [portfolio] [main] [                                                 ] o.s.b.w.embedded.tomcat.TomcatWebServer  : Tomcat started on port 8080 (http) with context path ''
2024-06-17T14:08:02.816-04:00  INFO 2265 --- [portfolio] [main] [                                                 ] c.r.p.portfolio.PortfolioApplication     : Started PortfolioApplication in 6.534 seconds (process running for 7.357)
2024-06-17T14:08:03.004-04:00  INFO 2265 --- [portfolio] [main] [                                                 ] c.r.p.portfolio.config.LoadDatabase      : Preloading com.rcarrier.personalwebsite.portfolio.domain.Item@6101fd7d
2024-06-17T14:08:03.006-04:00  INFO 2265 --- [portfolio] [main] [                                                 ] c.r.p.portfolio.config.LoadDatabase      : Preloading com.rcarrier.personalwebsite.portfolio.domain.Item@504a9352
2024-06-17T14:08:11.074-04:00  INFO 2265 --- [portfolio] [http-nio-8080-exec-1] [                                                 ] o.a.c.c.C.[Tomcat].[localhost].[/]       : Initializing Spring DispatcherServlet 'dispatcherServlet'
2024-06-17T14:08:11.075-04:00  INFO 2265 --- [portfolio] [http-nio-8080-exec-1] [                                                 ] o.s.web.servlet.DispatcherServlet        : Initializing Servlet 'dispatcherServlet'
2024-06-17T14:08:11.078-04:00  INFO 2265 --- [portfolio] [http-nio-8080-exec-1] [                                                 ] o.s.web.servlet.DispatcherServlet        : Completed initialization in 3 ms
2024-06-17T14:08:11.136-04:00  INFO 2265 --- [portfolio] [http-nio-8080-exec-1] [66707b8bc37e5e7fc5408aa6bfa2a34f-c5408aa6bfa2a34f] c.r.p.portfolio.config.AppInterceptor    : [preHandle][org.apache.catalina.connector.RequestFacade@1d4bedd6][GET]/weather/realtime
2024-06-17T14:08:11.137-04:00  INFO 2265 --- [portfolio] [http-nio-8080-exec-1] [66707b8bc37e5e7fc5408aa6bfa2a34f-c5408aa6bfa2a34f] c.r.p.portfolio.config.AppInterceptor    : Header: host = localhost:8080
2024-06-17T14:08:11.137-04:00  INFO 2265 --- [portfolio] [http-nio-8080-exec-1] [66707b8bc37e5e7fc5408aa6bfa2a34f-c5408aa6bfa2a34f] c.r.p.portfolio.config.AppInterceptor    : Header: user-agent = insomnia/9.2.0
2024-06-17T14:08:11.137-04:00  INFO 2265 --- [portfolio] [http-nio-8080-exec-1] [66707b8bc37e5e7fc5408aa6bfa2a34f-c5408aa6bfa2a34f] c.r.p.portfolio.config.AppInterceptor    : Header: accept = */*
2024-06-17T14:10:06.299-04:00  WARN 2265 --- [portfolio] [HikariPool-1 housekeeper] [                                                 ] com.zaxxer.hikari.pool.HikariPool        : HikariPool-1 - Thread starvation or clock leap detected (housekeeper delta=1m35s138ms).
2024-06-17T14:10:22.157-04:00  WARN 2265 --- [portfolio] [http-nio-8080-exec-1] [66707b8bc37e5e7fc5408aa6bfa2a34f-c5408aa6bfa2a34f] .w.s.m.s.DefaultHandlerExceptionResolver : Resolved [org.springframework.web.context.request.async.AsyncRequestNotUsableException: ServletOutputStream failed to flush: java.io.IOException: Broken pipe]
2024-06-17T14:10:22.159-04:00  INFO 2265 --- [portfolio] [http-nio-8080-exec-1] [66707b8bc37e5e7fc5408aa6bfa2a34f-c5408aa6bfa2a34f] c.r.p.portfolio.config.AppInterceptor    : [afterCompletion][org.apache.catalina.connector.RequestFacade@1d4bedd6][exception: null]
2024-06-17T14:10:52.098-04:00  WARN 2265 --- [portfolio] [HikariPool-1 housekeeper] [                                                 ] com.zaxxer.hikari.pool.HikariPool        : HikariPool-1 - Thread starvation or clock leap detected (housekeeper delta=45s800ms).
2024-06-17T14:37:02.871-04:00  WARN 2265 --- [portfolio] [HikariPool-1 housekeeper] [                                                 ] com.zaxxer.hikari.pool.HikariPool        : HikariPool-1 - Thread starvation or clock leap detected (housekeeper delta=1m40s528ms).
2024-06-17T14:50:50.288-04:00  WARN 2265 --- [portfolio] [HikariPool-1 housekeeper] [                                                 ] com.zaxxer.hikari.pool.HikariPool        : HikariPool-1 - Thread starvation or clock leap detected (housekeeper delta=13m47s419ms).
2024-06-17T15:01:37.859-04:00  INFO 2265 --- [portfolio] [SpringApplicationShutdownHook] [                                                 ] j.LocalContainerEntityManagerFactoryBean : Closing JPA EntityManagerFactory for persistence unit 'default'
2024-06-17T15:01:37.883-04:00  INFO 2265 --- [portfolio] [SpringApplicationShutdownHook] [                                                 ] com.zaxxer.hikari.HikariDataSource       : HikariPool-1 - Shutdown initiated...
2024-06-17T15:01:37.888-04:00  INFO 2265 --- [portfolio] [SpringApplicationShutdownHook] [                                                 ] com.zaxxer.hikari.HikariDataSource       : HikariPool-1 - Shutdown completed.
